Base path: /opt/Unity/Editor/Data
Pipe name: \\.\pipe\UnityShaderCompiler-64bit-2-1848387328
Cmd: getPlatforms
Cmd: compileSnippet
  api=9 type=0 insize=977 outsize=21345 kw=DIRECTIONAL SHADOWS_OFF LIGHTMAP_OFF DIRLIGHTMAP_OFF DYNAMICLIGHTMAP_OFF VERTEXLIGHT_ON _PARALLAXMAP _NORMALMAP _SPECGLOSSMAP ok=1
Cmd: compileSnippet
  api=9 type=0 insize=934 outsize=19918 kw=SPOT SHADOWS_OFF _PARALLAXMAP _NORMALMAP _SPECGLOSSMAP ok=1
Cmd: compileSnippet
  api=9 type=0 insize=934 outsize=20085 kw=POINT_COOKIE SHADOWS_CUBE _PARALLAXMAP _NORMALMAP _SPECGLOSSMAP ok=1
Cmd: compileSnippet
  api=9 type=0 insize=934 outsize=18269 kw=DIRECTIONAL SHADOWS_SCREEN SHADOWS_NATIVE _PARALLAXMAP _NORMALMAP _SPECGLOSSMAP ok=1
Cmd: compileSnippet
  api=9 type=1 insize=934 outsize=7 kw=POINT SHADOWS_OFF _PARALLAXMAP _NORMALMAP _SPECGLOSSMAP ok=1
Cmd: compileSnippet
  api=9 type=1 insize=934 outsize=7 kw=DIRECTIONAL_COOKIE SHADOWS_OFF _PARALLAXMAP _NORMALMAP _SPECGLOSSMAP ok=1
Cmd: compileSnippet
  api=9 type=1 insize=934 outsize=7 kw=SPOT SHADOWS_DEPTH SHADOWS_SOFT SHADOWS_NATIVE _PARALLAXMAP _NORMALMAP _SPECGLOSSMAP ok=1
Cmd: compileSnippet
  api=9 type=1 insize=934 outsize=7 kw=DIRECTIONAL_COOKIE SHADOWS_SCREEN SHADOWS_NATIVE _PARALLAXMAP _NORMALMAP _SPECGLOSSMAP ok=1
Cmd: compileSnippet
  api=9 type=0 insize=1148 outsize=18150 kw=LIGHTMAP_OFF DIRLIGHTMAP_OFF DYNAMICLIGHTMAP_OFF _PARALLAXMAP _NORMALMAP _SPECGLOSSMAP ok=1
Cmd: compileSnippet
  api=9 type=1 insize=1148 outsize=7 kw=LIGHTMAP_OFF DIRLIGHTMAP_OFF DYNAMICLIGHTMAP_OFF _PARALLAXMAP _NORMALMAP _SPECGLOSSMAP ok=1
